<?xml version="1.0" encoding="UTF-8"?>
<!-- Generated by org.testng.reporters.JUnitReportReporter -->
<testsuite hostname="Admin" failures="0" tests="9" name="com.nopcommerce.user.Level_02_Register_Login_Page_Object_Button" time="33.284" errors="0" timestamp="13 Jun 2021 17:44:09 GMT" skipped="0">
  <testcase classname="com.nopcommerce.user.Level_02_Register_Login_Page_Object_Button" name="TC_01_Register" time="6.286"/>
  <testcase classname="com.nopcommerce.user.Level_02_Register_Login_Page_Object_Button" name="TC_01_Register" time="7.437"/>
  <testcase classname="com.nopcommerce.user.Level_02_Register_Login_Page_Object_Button" name="TC_01_Register" time="5.931"/>
  <testcase classname="com.nopcommerce.user.Level_02_Register_Login_Page_Object_Button" name="TC_03_My_Account" time="1.512"/>
  <testcase classname="com.nopcommerce.user.Level_02_Register_Login_Page_Object_Button" name="TC_02_Login_To_System" time="3.200"/>
  <testcase classname="com.nopcommerce.user.Level_02_Register_Login_Page_Object_Button" name="TC_03_My_Account" time="1.266"/>
  <testcase classname="com.nopcommerce.user.Level_02_Register_Login_Page_Object_Button" name="TC_02_Login_To_System" time="3.515"/>
  <testcase classname="com.nopcommerce.user.Level_02_Register_Login_Page_Object_Button" name="TC_02_Login_To_System" time="2.149"/>
  <testcase classname="com.nopcommerce.user.Level_02_Register_Login_Page_Object_Button" name="TC_03_My_Account" time="1.988"/>
</testsuite> <!-- com.nopcommerce.user.Level_02_Register_Login_Page_Object_Button -->
