<?xml version="1.0" encoding="UTF-8"?>
<!-- Generated by org.testng.reporters.JUnitReportReporter -->
<testsuite hostname="Admin" failures="0" tests="1" name="sotatek.hybird.tiki.GetName" time="24.622" errors="0" timestamp="29 Sep 2021 18:27:56 GMT" skipped="0">
  <testcase classname="sotatek.hybird.tiki.GetName" name="TC_01" time="24.622"/>
</testsuite> <!-- sotatek.hybird.tiki.GetName -->
