<?xml version="1.0" encoding="UTF-8"?>
<!-- Generated by org.testng.reporters.JUnitReportReporter -->
<testsuite hostname="Admin" failures="0" tests="6" name="com.nopcommerce.userDemo.Level_01_Register_Sigin" time="12.260" errors="0" timestamp="10 Aug 2021 17:32:42 GMT" skipped="0">
  <testcase classname="com.nopcommerce.userDemo.Level_01_Register_Sigin" name="TC_05_Sigin_Confirm_Password_Khong_Khop_Password" time="1.053"/>
  <testcase classname="com.nopcommerce.userDemo.Level_01_Register_Sigin" name="TC_01_Sigin_Empty_Data" time="0.710"/>
  <testcase classname="com.nopcommerce.userDemo.Level_01_Register_Sigin" name="TC_06_Sigin_Thong_Tin_Hop_Le" time="3.692"/>
  <testcase classname="com.nopcommerce.userDemo.Level_01_Register_Sigin" name="TC_03_Sigin_Empty_Da_Ton_Tai" time="3.399"/>
  <testcase classname="com.nopcommerce.userDemo.Level_01_Register_Sigin" name="TC_02_Sigin_Invalid_Email" time="1.940"/>
  <testcase classname="com.nopcommerce.userDemo.Level_01_Register_Sigin" name="TC_04_Sigin_Password_3_Ki_Tu" time="1.466"/>
</testsuite> <!-- com.nopcommerce.userDemo.Level_01_Register_Sigin -->
