<?xml version="1.0" encoding="UTF-8"?>
<!-- Generated by org.testng.reporters.JUnitReportReporter -->
<testsuite hostname="Admin" failures="0" tests="1" name="sotatek.hybird.web.TC_02_Report_GetText" time="34.746" errors="0" timestamp="30 Sep 2021 13:27:47 GMT" skipped="0">
  <testcase classname="sotatek.hybird.web.TC_02_Report_GetText" name="TC_01" time="34.746"/>
</testsuite> <!-- sotatek.hybird.web.TC_02_Report_GetText -->
