<?xml version="1.0" encoding="UTF-8"?>
<!-- Generated by org.testng.reporters.JUnitReportReporter -->
<testsuite hostname="Admin" failures="0" tests="3" name="com.nopcommerce.user.Level_01_Register_Login_Repeat_Yourself" time="6.507" errors="0" timestamp="15 May 2021 10:23:26 GMT" skipped="0">
  <testcase classname="com.nopcommerce.user.Level_01_Register_Login_Repeat_Yourself" name="TC_02_Login" time="1.497"/>
  <testcase classname="com.nopcommerce.user.Level_01_Register_Login_Repeat_Yourself" name="TC_03_My_Account" time="1.081"/>
  <testcase classname="com.nopcommerce.user.Level_01_Register_Login_Repeat_Yourself" name="TC_01_Register" time="3.929"/>
</testsuite> <!-- com.nopcommerce.user.Level_01_Register_Login_Repeat_Yourself -->
