<?xml version="1.0" encoding="UTF-8"?>
<!-- Generated by org.testng.reporters.JUnitReportReporter -->
<testsuite hostname="Admin" failures="0" tests="6" name="com.nopcommerce.userDemo.Level_02_Register_Login" time="13.203" errors="0" timestamp="08 Aug 2021 17:57:54 GMT" skipped="0">
  <testcase classname="com.nopcommerce.userDemo.Level_02_Register_Login" name="TC_02_Login_Invalid_Email" time="0.418"/>
  <testcase classname="com.nopcommerce.userDemo.Level_02_Register_Login" name="TC_01_Login_Empty_Data" time="0.487"/>
  <testcase classname="com.nopcommerce.userDemo.Level_02_Register_Login" name="TC_05_Login_Email_Da_Dang_ki_Password_Sai" time="2.444"/>
  <testcase classname="com.nopcommerce.userDemo.Level_02_Register_Login" name="TC_03_Login_Email_Chua_Dang_ki" time="2.645"/>
  <testcase classname="com.nopcommerce.userDemo.Level_02_Register_Login" name="TC_06_Login_Email_Da_Dang_Ki_Passwork_Dung" time="4.812"/>
  <testcase classname="com.nopcommerce.userDemo.Level_02_Register_Login" name="TC_04_Login_Email_Chua_Dang_Ki_Password_Khong_Nhap" time="2.397"/>
</testsuite> <!-- com.nopcommerce.userDemo.Level_02_Register_Login -->
