<?xml version="1.0" encoding="UTF-8"?>
<!-- Generated by org.testng.reporters.JUnitReportReporter -->
<testsuite hostname="Admin" failures="0" tests="2" name="com.nopcommerce.user.User_01_Register_Login" time="0.009" errors="0" timestamp="15 May 2021 07:33:40 GMT" skipped="0">
  <testcase classname="com.nopcommerce.user.User_01_Register_Login" name="TC_02_Register_Invalid_Email" time="0.002"/>
  <testcase classname="com.nopcommerce.user.User_01_Register_Login" name="TC_01_Register_Empty_Data" time="0.007"/>
</testsuite> <!-- com.nopcommerce.user.User_01_Register_Login -->
