<?xml version="1.0" encoding="UTF-8"?>
<!-- Generated by org.testng.reporters.JUnitReportReporter -->
<testsuite hostname="Admin" failures="0" tests="1" name="sotatek.hybird.tiki.TC_02_Sort" time="44.954" errors="0" timestamp="30 Sep 2021 12:39:43 GMT" skipped="0">
  <testcase classname="sotatek.hybird.tiki.TC_02_Sort" name="TC_01" time="44.954"/>
</testsuite> <!-- sotatek.hybird.tiki.TC_02_Sort -->
